# JRE version: Java(TM) SE Runtime Environment (8.0_40-b19) (build 1.8.0_40-ea-b19)
# Java VM: Java HotSpot(TM) 64-Bit Server VM (25.40-b23 mixed mode bsd-amd64 compressed oops)
Heap:
 PSYoungGen      total 668160K, used 653684K [0x0000000795580000, 0x00000007c0000000, 0x00000007c0000000)
  eden space 637440K, 98% used [0x0000000795580000,0x00000007bb78d370,0x00000007bc400000)
  from space 30720K, 94% used [0x00000007be200000,0x00000007bfe50000,0x00000007c0000000)
  to   space 30720K, 0% used [0x00000007bc400000,0x00000007bc400000,0x00000007be200000)
 ParOldGen       total 87552K, used 73098K [0x0000000740000000, 0x0000000745580000, 0x0000000795580000)
  object space 87552K, 83% used [0x0000000740000000,0x0000000744762a38,0x0000000745580000)
 Metaspace       used 8476K, capacity 8707K, committed 8832K, reserved 1056768K
  class space    used 790K, capacity 870K, committed 896K, reserved 1048576K
GC Heap History (10 events):
Event: 168.193 GC heap before
{Heap before GC invocations=136 (full 0):
 PSYoungGen      total 668160K, used 665728K [0x0000000795580000, 0x00000007c0000000, 0x00000007c0000000)
  eden space 638464K, 100% used [0x0000000795580000,0x00000007bc500000,0x00000007bc500000)
  from space 29696K, 91% used [0x00000007bc500000,0x00000007bdfa0000,0x00000007be200000)
  to   space 29696K, 0% used [0x00000007be300000,0x00000007be300000,0x00000007c0000000)
 ParOldGen       total 87552K, used 73090K [0x0000000740000000, 0x0000000745580000, 0x0000000795580000)
  object space 87552K, 83% used [0x0000000740000000,0x0000000744760a38,0x0000000745580000)
 Metaspace       used 8469K, capacity 8707K, committed 8832K, reserved 1056768K
  class space    used 789K, capacity 870K, committed 896K, reserved 1048576K
Event: 168.269 GC heap after
Heap after GC invocations=136 (full 0):
 PSYoungGen      total 669184K, used 28032K [0x0000000795580000, 0x00000007c0000000, 0x00000007c0000000)
  eden space 639488K, 0% used [0x0000000795580000,0x0000000795580000,0x00000007bc600000)
  from space 29696K, 94% used [0x00000007be300000,0x00000007bfe60000,0x00000007c0000000)
  to   space 29696K, 0% used [0x00000007bc600000,0x00000007bc600000,0x00000007be300000)
 ParOldGen       total 87552K, used 73090K [0x0000000740000000, 0x0000000745580000, 0x0000000795580000)
  object space 87552K, 83% used [0x0000000740000000,0x0000000744760a38,0x0000000745580000)
 Metaspace       used 8469K, capacity 8707K, committed 8832K, reserved 1056768K
  class space    used 789K, capacity 870K, committed 896K, reserved 1048576K
}
Event: 169.701 GC heap before
{Heap before GC invocations=137 (full 0):
 PSYoungGen      total 669184K, used 667520K [0x0000000795580000, 0x00000007c0000000, 0x00000007c0000000)
  eden space 639488K, 100% used [0x0000000795580000,0x00000007bc600000,0x00000007bc600000)
  from space 29696K, 94% used [0x00000007be300000,0x00000007bfe60000,0x00000007c0000000)
  to   space 29696K, 0% used [0x00000007bc600000,0x00000007bc600000,0x00000007be300000)
 ParOldGen       total 87552K, used 73090K [0x0000000740000000, 0x0000000745580000, 0x0000000795580000)
  object space 87552K, 83% used [0x0000000740000000,0x0000000744760a38,0x0000000745580000)
 Metaspace       used 8469K, capacity 8707K, committed 8832K, reserved 1056768K
  class space    used 789K, capacity 870K, committed 896K, reserved 1048576K
Event: 169.777 GC heap after
Heap after GC invocations=137 (full 0):
 PSYoungGen      total 668672K, used 28960K [0x0000000795580000, 0x00000007c0000000, 0x00000007c0000000)
  eden space 639488K, 0% used [0x0000000795580000,0x0000000795580000,0x00000007bc600000)
  from space 29184K, 99% used [0x00000007bc600000,0x00000007be248000,0x00000007be280000)
  to   space 30208K, 0% used [0x00000007be280000,0x00000007be280000,0x00000007c0000000)
 ParOldGen       total 87552K, used 73090K [0x0000000740000000, 0x0000000745580000, 0x0000000795580000)
  object space 87552K, 83% used [0x0000000740000000,0x0000000744760a38,0x0000000745580000)
 Metaspace       used 8469K, capacity 8707K, committed 8832K, reserved 1056768K
  class space    used 789K, capacity 870K, committed 896K, reserved 1048576K
}
Event: 171.216 GC heap before
{Heap before GC invocations=138 (full 0):
 PSYoungGen      total 668672K, used 668448K [0x0000000795580000, 0x00000007c0000000, 0x00000007c0000000)
  eden space 639488K, 100% used [0x0000000795580000,0x00000007bc600000,0x00000007bc600000)
  from space 29184K, 99% used [0x00000007bc600000,0x00000007be248000,0x00000007be280000)
  to   space 30208K, 0% used [0x00000007be280000,0x00000007be280000,0x00000007c0000000)
 ParOldGen       total 87552K, used 73090K [0x0000000740000000, 0x0000000745580000, 0x0000000795580000)
  object space 87552K, 83% used [0x0000000740000000,0x0000000744760a38,0x0000000745580000)
 Metaspace       used 8469K, capacity 8707K, committed 8832K, reserved 1056768K
  class space    used 789K, capacity 870K, committed 896K, reserved 1048576K
Event: 171.304 GC heap after
Heap after GC invocations=138 (full 0):
 PSYoungGen      total 668672K, used 28960K [0x0000000795580000, 0x00000007c0000000, 0x00000007c0000000)
  eden space 638464K, 0% used [0x0000000795580000,0x0000000795580000,0x00000007bc500000)
  from space 30208K, 95% used [0x00000007be280000,0x00000007bfec8000,0x00000007c0000000)
  to   space 30208K, 0% used [0x00000007bc500000,0x00000007bc500000,0x00000007be280000)
 ParOldGen       total 87552K, used 73090K [0x0000000740000000, 0x0000000745580000, 0x0000000795580000)
  object space 87552K, 83% used [0x0000000740000000,0x0000000744760a38,0x0000000745580000)
 Metaspace       used 8469K, capacity 8707K, committed 8832K, reserved 1056768K
  class space    used 789K, capacity 870K, committed 896K, reserved 1048576K
}
Event: 172.734 GC heap before
{Heap before GC invocations=139 (full 0):
 PSYoungGen      total 668672K, used 667424K [0x0000000795580000, 0x00000007c0000000, 0x00000007c0000000)
  eden space 638464K, 100% used [0x0000000795580000,0x00000007bc500000,0x00000007bc500000)
  from space 30208K, 95% used [0x00000007be280000,0x00000007bfec8000,0x00000007c0000000)
  to   space 30208K, 0% used [0x00000007bc500000,0x00000007bc500000,0x00000007be280000)
 ParOldGen       total 87552K, used 73090K [0x0000000740000000, 0x0000000745580000, 0x0000000795580000)
  object space 87552K, 83% used [0x0000000740000000,0x0000000744760a38,0x0000000745580000)
 Metaspace       used 8469K, capacity 8707K, committed 8832K, reserved 1056768K
  class space    used 789K, capacity 870K, committed 896K, reserved 1048576K
Event: 172.811 GC heap after
Heap after GC invocations=139 (full 0):
 PSYoungGen      total 667648K, used 28896K [0x0000000795580000, 0x00000007c0000000, 0x00000007c0000000)
  eden space 638464K, 0% used [0x0000000795580000,0x0000000795580000,0x00000007bc500000)
  from space 29184K, 99% used [0x00000007bc500000,0x00000007be138000,0x00000007be180000)
  to   space 30720K, 0% used [0x00000007be200000,0x00000007be200000,0x00000007c0000000)
 ParOldGen       total 87552K, used 73090K [0x0000000740000000, 0x0000000745580000, 0x0000000795580000)
  object space 87552K, 83% used [0x0000000740000000,0x0000000744760a38,0x0000000745580000)
 Metaspace       used 8469K, capacity 8707K, committed 8832K, reserved 1056768K
  class space    used 789K, capacity 870K, committed 896K, reserved 1048576K
}
Event: 174.240 GC heap before
{Heap before GC invocations=140 (full 0):
 PSYoungGen      total 667648K, used 667360K [0x0000000795580000, 0x00000007c0000000, 0x00000007c0000000)
  eden space 638464K, 100% used [0x0000000795580000,0x00000007bc500000,0x00000007bc500000)
  from space 29184K, 99% used [0x00000007bc500000,0x00000007be138000,0x00000007be180000)
  to   space 30720K, 0% used [0x00000007be200000,0x00000007be200000,0x00000007c0000000)
 ParOldGen       total 87552K, used 73090K [0x0000000740000000, 0x0000000745580000, 0x0000000795580000)
  object space 87552K, 83% used [0x0000000740000000,0x0000000744760a38,0x0000000745580000)
 Metaspace       used 8469K, capacity 8707K, committed 8832K, reserved 1056768K
  class space    used 789K, capacity 870K, committed 896K, reserved 1048576K
Event: 174.327 GC heap after
Heap after GC invocations=140 (full 0):
 PSYoungGen      total 668160K, used 28992K [0x0000000795580000, 0x00000007c0000000, 0x00000007c0000000)
  eden space 637440K, 0% used [0x0000000795580000,0x0000000795580000,0x00000007bc400000)
  from space 30720K, 94% used [0x00000007be200000,0x00000007bfe50000,0x00000007c0000000)
  to   space 30720K, 0% used [0x00000007bc400000,0x00000007bc400000,0x00000007be200000)
 ParOldGen       total 87552K, used 73098K [0x0000000740000000, 0x0000000745580000, 0x0000000795580000)
  object space 87552K, 83% used [0x0000000740000000,0x0000000744762a38,0x0000000745580000)
 Metaspace       used 8469K, capacity 8707K, committed 8832K, reserved 1056768K
  class space    used 789K, capacity 870K, committed 896K, reserved 1048576K
}

