# JRE version: Java(TM) SE Runtime Environment (8.0_40-b19) (build 1.8.0_40-ea-b19)
# Java VM: Java HotSpot(TM) 64-Bit Server VM (25.40-b23 mixed mode bsd-amd64 compressed oops)
Heap:
 PSYoungGen      total 219648K, used 209789K [0x0000000795580000, 0x00000007ab980000, 0x00000007c0000000)
  eden space 205312K, 95% used [0x0000000795580000,0x00000007a145f798,0x00000007a1e00000)
  from space 14336K, 100% used [0x00000007a1e00000,0x00000007a2c00000,0x00000007a2c00000)
  to   space 17920K, 0% used [0x00000007aa800000,0x00000007aa800000,0x00000007ab980000)
 ParOldGen       total 87552K, used 18608K [0x0000000740000000, 0x0000000745580000, 0x0000000795580000)
  object space 87552K, 21% used [0x0000000740000000,0x000000074122c078,0x0000000745580000)
 Metaspace       used 8255K, capacity 8423K, committed 8576K, reserved 1056768K
  class space    used 792K, capacity 868K, committed 896K, reserved 1048576K
GC Heap History (10 events):
Event: 1.750 GC heap before
{Heap before GC invocations=7 (full 0):
 PSYoungGen      total 69632K, used 69616K [0x0000000795580000, 0x000000079a080000, 0x00000007c0000000)
  eden space 65536K, 100% used [0x0000000795580000,0x0000000799580000,0x0000000799580000)
  from space 4096K, 99% used [0x0000000799a80000,0x0000000799e7c010,0x0000000799e80000)
  to   space 5120K, 0% used [0x0000000799580000,0x0000000799580000,0x0000000799a80000)
 ParOldGen       total 87552K, used 1248K [0x0000000740000000, 0x0000000745580000, 0x0000000795580000)
  object space 87552K, 1% used [0x0000000740000000,0x0000000740138000,0x0000000745580000)
 Metaspace       used 8152K, capacity 8295K, committed 8576K, reserved 1056768K
  class space    used 788K, capacity 868K, committed 896K, reserved 1048576K
Event: 1.764 GC heap after
Heap after GC invocations=7 (full 0):
 PSYoungGen      total 70656K, used 5120K [0x0000000795580000, 0x000000079e480000, 0x00000007c0000000)
  eden space 65536K, 0% used [0x0000000795580000,0x0000000795580000,0x0000000799580000)
  from space 5120K, 100% used [0x0000000799580000,0x0000000799a80000,0x0000000799a80000)
  to   space 7680K, 0% used [0x000000079dd00000,0x000000079dd00000,0x000000079e480000)
 ParOldGen       total 87552K, used 4908K [0x0000000740000000, 0x0000000745580000, 0x0000000795580000)
  object space 87552K, 5% used [0x0000000740000000,0x00000007404cb068,0x0000000745580000)
 Metaspace       used 8152K, capacity 8295K, committed 8576K, reserved 1056768K
  class space    used 788K, capacity 868K, committed 896K, reserved 1048576K
}
Event: 2.046 GC heap before
{Heap before GC invocations=8 (full 0):
 PSYoungGen      total 70656K, used 70656K [0x0000000795580000, 0x000000079e480000, 0x00000007c0000000)
  eden space 65536K, 100% used [0x0000000795580000,0x0000000799580000,0x0000000799580000)
  from space 5120K, 100% used [0x0000000799580000,0x0000000799a80000,0x0000000799a80000)
  to   space 7680K, 0% used [0x000000079dd00000,0x000000079dd00000,0x000000079e480000)
 ParOldGen       total 87552K, used 4908K [0x0000000740000000, 0x0000000745580000, 0x0000000795580000)
  object space 87552K, 5% used [0x0000000740000000,0x00000007404cb068,0x0000000745580000)
 Metaspace       used 8159K, capacity 8359K, committed 8576K, reserved 1056768K
  class space    used 788K, capacity 868K, committed 896K, reserved 1048576K
Event: 2.060 GC heap after
Heap after GC invocations=8 (full 0):
 PSYoungGen      total 136704K, used 7680K [0x0000000795580000, 0x000000079e880000, 0x00000007c0000000)
  eden space 129024K, 0% used [0x0000000795580000,0x0000000795580000,0x000000079d380000)
  from space 7680K, 100% used [0x000000079dd00000,0x000000079e480000,0x000000079e480000)
  to   space 9728K, 0% used [0x000000079d380000,0x000000079d380000,0x000000079dd00000)
 ParOldGen       total 87552K, used 6584K [0x0000000740000000, 0x0000000745580000, 0x0000000795580000)
  object space 87552K, 7% used [0x0000000740000000,0x000000074066e078,0x0000000745580000)
 Metaspace       used 8159K, capacity 8359K, committed 8576K, reserved 1056768K
  class space    used 788K, capacity 868K, committed 896K, reserved 1048576K
}
Event: 2.596 GC heap before
{Heap before GC invocations=9 (full 0):
 PSYoungGen      total 136704K, used 136704K [0x0000000795580000, 0x000000079e880000, 0x00000007c0000000)
  eden space 129024K, 100% used [0x0000000795580000,0x000000079d380000,0x000000079d380000)
  from space 7680K, 100% used [0x000000079dd00000,0x000000079e480000,0x000000079e480000)
  to   space 9728K, 0% used [0x000000079d380000,0x000000079d380000,0x000000079dd00000)
 ParOldGen       total 87552K, used 6584K [0x0000000740000000, 0x0000000745580000, 0x0000000795580000)
  object space 87552K, 7% used [0x0000000740000000,0x000000074066e078,0x0000000745580000)
 Metaspace       used 8168K, capacity 8359K, committed 8576K, reserved 1056768K
  class space    used 788K, capacity 868K, committed 896K, reserved 1048576K
Event: 2.624 GC heap after
Heap after GC invocations=9 (full 0):
 PSYoungGen      total 138752K, used 9728K [0x0000000795580000, 0x00000007a3880000, 0x00000007c0000000)
  eden space 129024K, 0% used [0x0000000795580000,0x0000000795580000,0x000000079d380000)
  from space 9728K, 100% used [0x000000079d380000,0x000000079dd00000,0x000000079dd00000)
  to   space 12800K, 0% used [0x00000007a2c00000,0x00000007a2c00000,0x00000007a3880000)
 ParOldGen       total 87552K, used 11040K [0x0000000740000000, 0x0000000745580000, 0x0000000795580000)
  object space 87552K, 12% used [0x0000000740000000,0x0000000740ac8078,0x0000000745580000)
 Metaspace       used 8168K, capacity 8359K, committed 8576K, reserved 1056768K
  class space    used 788K, capacity 868K, committed 896K, reserved 1048576K
}
Event: 3.111 GC heap before
{Heap before GC invocations=10 (full 0):
 PSYoungGen      total 138752K, used 138752K [0x0000000795580000, 0x00000007a3880000, 0x00000007c0000000)
  eden space 129024K, 100% used [0x0000000795580000,0x000000079d380000,0x000000079d380000)
  from space 9728K, 100% used [0x000000079d380000,0x000000079dd00000,0x000000079dd00000)
  to   space 12800K, 0% used [0x00000007a2c00000,0x00000007a2c00000,0x00000007a3880000)
 ParOldGen       total 87552K, used 11040K [0x0000000740000000, 0x0000000745580000, 0x0000000795580000)
  object space 87552K, 12% used [0x0000000740000000,0x0000000740ac8078,0x0000000745580000)
 Metaspace       used 8215K, capacity 8423K, committed 8576K, reserved 1056768K
  class space    used 792K, capacity 868K, committed 896K, reserved 1048576K
Event: 3.136 GC heap after
Heap after GC invocations=10 (full 0):
 PSYoungGen      total 218112K, used 11744K [0x0000000795580000, 0x00000007a3b80000, 0x00000007c0000000)
  eden space 205312K, 0% used [0x0000000795580000,0x0000000795580000,0x00000007a1e00000)
  from space 12800K, 91% used [0x00000007a2c00000,0x00000007a3778000,0x00000007a3880000)
  to   space 14336K, 0% used [0x00000007a1e00000,0x00000007a1e00000,0x00000007a2c00000)
 ParOldGen       total 87552K, used 14392K [0x0000000740000000, 0x0000000745580000, 0x0000000795580000)
  object space 87552K, 16% used [0x0000000740000000,0x0000000740e0e078,0x0000000745580000)
 Metaspace       used 8215K, capacity 8423K, committed 8576K, reserved 1056768K
  class space    used 792K, capacity 868K, committed 896K, reserved 1048576K
}
Event: 3.999 GC heap before
{Heap before GC invocations=11 (full 0):
 PSYoungGen      total 218112K, used 217056K [0x0000000795580000, 0x00000007a3b80000, 0x00000007c0000000)
  eden space 205312K, 100% used [0x0000000795580000,0x00000007a1e00000,0x00000007a1e00000)
  from space 12800K, 91% used [0x00000007a2c00000,0x00000007a3778000,0x00000007a3880000)
  to   space 14336K, 0% used [0x00000007a1e00000,0x00000007a1e00000,0x00000007a2c00000)
 ParOldGen       total 87552K, used 14392K [0x0000000740000000, 0x0000000745580000, 0x0000000795580000)
  object space 87552K, 16% used [0x0000000740000000,0x0000000740e0e078,0x0000000745580000)
 Metaspace       used 8243K, capacity 8423K, committed 8576K, reserved 1056768K
  class space    used 792K, capacity 868K, committed 896K, reserved 1048576K
Event: 4.039 GC heap after
Heap after GC invocations=11 (full 0):
 PSYoungGen      total 219648K, used 14336K [0x0000000795580000, 0x00000007ab980000, 0x00000007c0000000)
  eden space 205312K, 0% used [0x0000000795580000,0x0000000795580000,0x00000007a1e00000)
  from space 14336K, 100% used [0x00000007a1e00000,0x00000007a2c00000,0x00000007a2c00000)
  to   space 17920K, 0% used [0x00000007aa800000,0x00000007aa800000,0x00000007ab980000)
 ParOldGen       total 87552K, used 18608K [0x0000000740000000, 0x0000000745580000, 0x0000000795580000)
  object space 87552K, 21% used [0x0000000740000000,0x000000074122c078,0x0000000745580000)
 Metaspace       used 8243K, capacity 8423K, committed 8576K, reserved 1056768K
  class space    used 792K, capacity 868K, committed 896K, reserved 1048576K
}

