# JRE version: Java(TM) SE Runtime Environment (8.0_40-b19) (build 1.8.0_40-ea-b19)
# Java VM: Java HotSpot(TM) 64-Bit Server VM (25.40-b23 mixed mode bsd-amd64 compressed oops)
Heap:
 PSYoungGen      total 687104K, used 672729K [0x0000000795580000, 0x00000007c0000000, 0x00000007c0000000)
  eden space 678400K, 97% used [0x0000000795580000,0x00000007bddf67a8,0x00000007bec00000)
  from space 8704K, 100% used [0x00000007bec00000,0x00000007bf480000,0x00000007bf480000)
  to   space 10240K, 0% used [0x00000007bf600000,0x00000007bf600000,0x00000007c0000000)
 ParOldGen       total 87552K, used 25147K [0x0000000740000000, 0x0000000745580000, 0x0000000795580000)
  object space 87552K, 28% used [0x0000000740000000,0x000000074188eeb8,0x0000000745580000)
 Metaspace       used 8708K, capacity 8933K, committed 9088K, reserved 1056768K
  class space    used 800K, capacity 869K, committed 896K, reserved 1048576K
GC Heap History (10 events):
Event: 5.980 GC heap before
{Heap before GC invocations=9 (full 0):
 PSYoungGen      total 271360K, used 269120K [0x0000000795580000, 0x00000007a6480000, 0x00000007c0000000)
  eden space 265216K, 100% used [0x0000000795580000,0x00000007a5880000,0x00000007a5880000)
  from space 6144K, 63% used [0x00000007a5e80000,0x00000007a6250000,0x00000007a6480000)
  to   space 6144K, 0% used [0x00000007a5880000,0x00000007a5880000,0x00000007a5e80000)
 ParOldGen       total 87552K, used 21547K [0x0000000740000000, 0x0000000745580000, 0x0000000795580000)
  object space 87552K, 24% used [0x0000000740000000,0x000000074150aeb8,0x0000000745580000)
 Metaspace       used 8619K, capacity 8869K, committed 9088K, reserved 1056768K
  class space    used 799K, capacity 869K, committed 896K, reserved 1048576K
Event: 5.999 GC heap after
Heap after GC invocations=9 (full 0):
 PSYoungGen      total 271360K, used 6144K [0x0000000795580000, 0x00000007b0200000, 0x00000007c0000000)
  eden space 265216K, 0% used [0x0000000795580000,0x0000000795580000,0x00000007a5880000)
  from space 6144K, 100% used [0x00000007a5880000,0x00000007a5e80000,0x00000007a5e80000)
  to   space 7168K, 0% used [0x00000007afb00000,0x00000007afb00000,0x00000007b0200000)
 ParOldGen       total 87552K, used 22883K [0x0000000740000000, 0x0000000745580000, 0x0000000795580000)
  object space 87552K, 26% used [0x0000000740000000,0x0000000741658eb8,0x0000000745580000)
 Metaspace       used 8619K, capacity 8869K, committed 9088K, reserved 1056768K
  class space    used 799K, capacity 869K, committed 896K, reserved 1048576K
}
Event: 7.458 GC heap before
{Heap before GC invocations=10 (full 0):
 PSYoungGen      total 271360K, used 271360K [0x0000000795580000, 0x00000007b0200000, 0x00000007c0000000)
  eden space 265216K, 100% used [0x0000000795580000,0x00000007a5880000,0x00000007a5880000)
  from space 6144K, 100% used [0x00000007a5880000,0x00000007a5e80000,0x00000007a5e80000)
  to   space 7168K, 0% used [0x00000007afb00000,0x00000007afb00000,0x00000007b0200000)
 ParOldGen       total 87552K, used 22883K [0x0000000740000000, 0x0000000745580000, 0x0000000795580000)
  object space 87552K, 26% used [0x0000000740000000,0x0000000741658eb8,0x0000000745580000)
 Metaspace       used 8669K, capacity 8869K, committed 9088K, reserved 1056768K
  class space    used 799K, capacity 869K, committed 896K, reserved 1048576K
Event: 7.477 GC heap after
Heap after GC invocations=10 (full 0):
 PSYoungGen      total 431104K, used 6944K [0x0000000795580000, 0x00000007b0300000, 0x00000007c0000000)
  eden space 423936K, 0% used [0x0000000795580000,0x0000000795580000,0x00000007af380000)
  from space 7168K, 96% used [0x00000007afb00000,0x00000007b01c8000,0x00000007b0200000)
  to   space 7680K, 0% used [0x00000007af380000,0x00000007af380000,0x00000007afb00000)
 ParOldGen       total 87552K, used 22915K [0x0000000740000000, 0x0000000745580000, 0x0000000795580000)
  object space 87552K, 26% used [0x0000000740000000,0x0000000741660eb8,0x0000000745580000)
 Metaspace       used 8669K, capacity 8869K, committed 9088K, reserved 1056768K
  class space    used 799K, capacity 869K, committed 896K, reserved 1048576K
}
Event: 9.315 GC heap before
{Heap before GC invocations=11 (full 0):
 PSYoungGen      total 431104K, used 430880K [0x0000000795580000, 0x00000007b0300000, 0x00000007c0000000)
  eden space 423936K, 100% used [0x0000000795580000,0x00000007af380000,0x00000007af380000)
  from space 7168K, 96% used [0x00000007afb00000,0x00000007b01c8000,0x00000007b0200000)
  to   space 7680K, 0% used [0x00000007af380000,0x00000007af380000,0x00000007afb00000)
 ParOldGen       total 87552K, used 22915K [0x0000000740000000, 0x0000000745580000, 0x0000000795580000)
  object space 87552K, 26% used [0x0000000740000000,0x0000000741660eb8,0x0000000745580000)
 Metaspace       used 8684K, capacity 8869K, committed 9088K, reserved 1056768K
  class space    used 799K, capacity 869K, committed 896K, reserved 1048576K
Event: 9.337 GC heap after
Heap after GC invocations=11 (full 0):
 PSYoungGen      total 431616K, used 7680K [0x0000000795580000, 0x00000007bfd00000, 0x00000007c0000000)
  eden space 423936K, 0% used [0x0000000795580000,0x0000000795580000,0x00000007af380000)
  from space 7680K, 100% used [0x00000007af380000,0x00000007afb00000,0x00000007afb00000)
  to   space 8704K, 0% used [0x00000007bf480000,0x00000007bf480000,0x00000007bfd00000)
 ParOldGen       total 87552K, used 23683K [0x0000000740000000, 0x0000000745580000, 0x0000000795580000)
  object space 87552K, 27% used [0x0000000740000000,0x0000000741720eb8,0x0000000745580000)
 Metaspace       used 8684K, capacity 8869K, committed 9088K, reserved 1056768K
  class space    used 799K, capacity 869K, committed 896K, reserved 1048576K
}
Event: 10.760 GC heap before
{Heap before GC invocations=12 (full 0):
 PSYoungGen      total 431616K, used 431616K [0x0000000795580000, 0x00000007bfd00000, 0x00000007c0000000)
  eden space 423936K, 100% used [0x0000000795580000,0x00000007af380000,0x00000007af380000)
  from space 7680K, 100% used [0x00000007af380000,0x00000007afb00000,0x00000007afb00000)
  to   space 8704K, 0% used [0x00000007bf480000,0x00000007bf480000,0x00000007bfd00000)
 ParOldGen       total 87552K, used 23683K [0x0000000740000000, 0x0000000745580000, 0x0000000795580000)
  object space 87552K, 27% used [0x0000000740000000,0x0000000741720eb8,0x0000000745580000)
 Metaspace       used 8700K, capacity 8869K, committed 9088K, reserved 1056768K
  class space    used 799K, capacity 869K, committed 896K, reserved 1048576K
Event: 10.778 GC heap after
Heap after GC invocations=12 (full 0):
 PSYoungGen      total 687104K, used 6208K [0x0000000795580000, 0x00000007bfd00000, 0x00000007c0000000)
  eden space 678400K, 0% used [0x0000000795580000,0x0000000795580000,0x00000007bec00000)
  from space 8704K, 71% used [0x00000007bf480000,0x00000007bfa90000,0x00000007bfd00000)
  to   space 8704K, 0% used [0x00000007bec00000,0x00000007bec00000,0x00000007bf480000)
 ParOldGen       total 87552K, used 23803K [0x0000000740000000, 0x0000000745580000, 0x0000000795580000)
  object space 87552K, 27% used [0x0000000740000000,0x000000074173eeb8,0x0000000745580000)
 Metaspace       used 8700K, capacity 8869K, committed 9088K, reserved 1056768K
  class space    used 799K, capacity 869K, committed 896K, reserved 1048576K
}
Event: 13.177 GC heap before
{Heap before GC invocations=13 (full 0):
 PSYoungGen      total 687104K, used 684608K [0x0000000795580000, 0x00000007bfd00000, 0x00000007c0000000)
  eden space 678400K, 100% used [0x0000000795580000,0x00000007bec00000,0x00000007bec00000)
  from space 8704K, 71% used [0x00000007bf480000,0x00000007bfa90000,0x00000007bfd00000)
  to   space 8704K, 0% used [0x00000007bec00000,0x00000007bec00000,0x00000007bf480000)
 ParOldGen       total 87552K, used 23803K [0x0000000740000000, 0x0000000745580000, 0x0000000795580000)
  object space 87552K, 27% used [0x0000000740000000,0x000000074173eeb8,0x0000000745580000)
 Metaspace       used 8701K, capacity 8869K, committed 9088K, reserved 1056768K
  class space    used 799K, capacity 869K, committed 896K, reserved 1048576K
Event: 13.202 GC heap after
Heap after GC invocations=13 (full 0):
 PSYoungGen      total 687104K, used 8704K [0x0000000795580000, 0x00000007c0000000, 0x00000007c0000000)
  eden space 678400K, 0% used [0x0000000795580000,0x0000000795580000,0x00000007bec00000)
  from space 8704K, 100% used [0x00000007bec00000,0x00000007bf480000,0x00000007bf480000)
  to   space 10240K, 0% used [0x00000007bf600000,0x00000007bf600000,0x00000007c0000000)
 ParOldGen       total 87552K, used 25147K [0x0000000740000000, 0x0000000745580000, 0x0000000795580000)
  object space 87552K, 28% used [0x0000000740000000,0x000000074188eeb8,0x0000000745580000)
 Metaspace       used 8701K, capacity 8869K, committed 9088K, reserved 1056768K
  class space    used 799K, capacity 869K, committed 896K, reserved 1048576K
}

