# JRE version: Java(TM) SE Runtime Environment (8.0_40-b19) (build 1.8.0_40-ea-b19)
# Java VM: Java HotSpot(TM) 64-Bit Server VM (25.40-b23 mixed mode bsd-amd64 compressed oops)
Heap:
 PSYoungGen      total 417280K, used 144324K [0x0000000795580000, 0x00000007bc200000, 0x00000007c0000000)
  eden space 413184K, 33% used [0x0000000795580000,0x000000079de991c0,0x00000007ae900000)
  from space 4096K, 96% used [0x00000007bbe00000,0x00000007bc1d8000,0x00000007bc200000)
  to   space 13312K, 0% used [0x00000007ba800000,0x00000007ba800000,0x00000007bb500000)
 ParOldGen       total 87552K, used 40974K [0x0000000740000000, 0x0000000745580000, 0x0000000795580000)
  object space 87552K, 46% used [0x0000000740000000,0x0000000742803be8,0x0000000745580000)
 Metaspace       used 8712K, capacity 8905K, committed 9088K, reserved 1056768K
  class space    used 797K, capacity 871K, committed 896K, reserved 1048576K
GC Heap History (10 events):
Event: 22.972 GC heap before
{Heap before GC invocations=18 (full 0):
 PSYoungGen      total 532992K, used 532768K [0x0000000795580000, 0x00000007bde80000, 0x00000007c0000000)
  eden space 523776K, 100% used [0x0000000795580000,0x00000007b5500000,0x00000007b5500000)
  from space 9216K, 97% used [0x00000007bcb00000,0x00000007bd3c8000,0x00000007bd400000)
  to   space 10752K, 0% used [0x00000007bd400000,0x00000007bd400000,0x00000007bde80000)
 ParOldGen       total 87552K, used 38230K [0x0000000740000000, 0x0000000745580000, 0x0000000795580000)
  object space 87552K, 43% used [0x0000000740000000,0x0000000742555be8,0x0000000745580000)
 Metaspace       used 8696K, capacity 8905K, committed 9088K, reserved 1056768K
  class space    used 796K, capacity 871K, committed 896K, reserved 1048576K
Event: 22.992 GC heap after
Heap after GC invocations=18 (full 0):
 PSYoungGen      total 507392K, used 8000K [0x0000000795580000, 0x00000007bdc00000, 0x00000007c0000000)
  eden space 499200K, 0% used [0x0000000795580000,0x0000000795580000,0x00000007b3d00000)
  from space 8192K, 97% used [0x00000007bd400000,0x00000007bdbd0000,0x00000007bdc00000)
  to   space 13824K, 0% used [0x00000007bc100000,0x00000007bc100000,0x00000007bce80000)
 ParOldGen       total 87552K, used 38238K [0x0000000740000000, 0x0000000745580000, 0x0000000795580000)
  object space 87552K, 43% used [0x0000000740000000,0x0000000742557be8,0x0000000745580000)
 Metaspace       used 8696K, capacity 8905K, committed 9088K, reserved 1056768K
  class space    used 796K, capacity 871K, committed 896K, reserved 1048576K
}
Event: 25.053 GC heap before
{Heap before GC invocations=19 (full 0):
 PSYoungGen      total 507392K, used 507200K [0x0000000795580000, 0x00000007bdc00000, 0x00000007c0000000)
  eden space 499200K, 100% used [0x0000000795580000,0x00000007b3d00000,0x00000007b3d00000)
  from space 8192K, 97% used [0x00000007bd400000,0x00000007bdbd0000,0x00000007bdc00000)
  to   space 13824K, 0% used [0x00000007bc100000,0x00000007bc100000,0x00000007bce80000)
 ParOldGen       total 87552K, used 38238K [0x0000000740000000, 0x0000000745580000, 0x0000000795580000)
  object space 87552K, 43% used [0x0000000740000000,0x0000000742557be8,0x0000000745580000)
 Metaspace       used 8700K, capacity 8905K, committed 9088K, reserved 1056768K
  class space    used 797K, capacity 871K, committed 896K, reserved 1048576K
Event: 25.067 GC heap after
Heap after GC invocations=19 (full 0):
 PSYoungGen      total 485888K, used 9440K [0x0000000795580000, 0x00000007bd480000, 0x00000007c0000000)
  eden space 476160K, 0% used [0x0000000795580000,0x0000000795580000,0x00000007b2680000)
  from space 9728K, 97% used [0x00000007bc100000,0x00000007bca38000,0x00000007bca80000)
  to   space 10240K, 0% used [0x00000007bca80000,0x00000007bca80000,0x00000007bd480000)
 ParOldGen       total 87552K, used 38246K [0x0000000740000000, 0x0000000745580000, 0x0000000795580000)
  object space 87552K, 43% used [0x0000000740000000,0x0000000742559be8,0x0000000745580000)
 Metaspace       used 8700K, capacity 8905K, committed 9088K, reserved 1056768K
  class space    used 797K, capacity 871K, committed 896K, reserved 1048576K
}
Event: 26.233 GC heap before
{Heap before GC invocations=20 (full 0):
 PSYoungGen      total 485888K, used 485600K [0x0000000795580000, 0x00000007bd480000, 0x00000007c0000000)
  eden space 476160K, 100% used [0x0000000795580000,0x00000007b2680000,0x00000007b2680000)
  from space 9728K, 97% used [0x00000007bc100000,0x00000007bca38000,0x00000007bca80000)
  to   space 10240K, 0% used [0x00000007bca80000,0x00000007bca80000,0x00000007bd480000)
 ParOldGen       total 87552K, used 38246K [0x0000000740000000, 0x0000000745580000, 0x0000000795580000)
  object space 87552K, 43% used [0x0000000740000000,0x0000000742559be8,0x0000000745580000)
 Metaspace       used 8700K, capacity 8905K, committed 9088K, reserved 1056768K
  class space    used 797K, capacity 871K, committed 896K, reserved 1048576K
Event: 26.242 GC heap after
Heap after GC invocations=20 (full 0):
 PSYoungGen      total 459264K, used 5056K [0x0000000795580000, 0x00000007bcf80000, 0x00000007c0000000)
  eden space 454144K, 0% used [0x0000000795580000,0x0000000795580000,0x00000007b1100000)
  from space 5120K, 98% used [0x00000007bca80000,0x00000007bcf70000,0x00000007bcf80000)
  to   space 13824K, 0% used [0x00000007bb480000,0x00000007bb480000,0x00000007bc200000)
 ParOldGen       total 87552K, used 40910K [0x0000000740000000, 0x0000000745580000, 0x0000000795580000)
  object space 87552K, 46% used [0x0000000740000000,0x00000007427f3be8,0x0000000745580000)
 Metaspace       used 8700K, capacity 8905K, committed 9088K, reserved 1056768K
  class space    used 797K, capacity 871K, committed 896K, reserved 1048576K
}
Event: 27.179 GC heap before
{Heap before GC invocations=21 (full 0):
 PSYoungGen      total 459264K, used 459200K [0x0000000795580000, 0x00000007bcf80000, 0x00000007c0000000)
  eden space 454144K, 100% used [0x0000000795580000,0x00000007b1100000,0x00000007b1100000)
  from space 5120K, 98% used [0x00000007bca80000,0x00000007bcf70000,0x00000007bcf80000)
  to   space 13824K, 0% used [0x00000007bb480000,0x00000007bb480000,0x00000007bc200000)
 ParOldGen       total 87552K, used 40910K [0x0000000740000000, 0x0000000745580000, 0x0000000795580000)
  object space 87552K, 46% used [0x0000000740000000,0x00000007427f3be8,0x0000000745580000)
 Metaspace       used 8700K, capacity 8905K, committed 9088K, reserved 1056768K
  class space    used 797K, capacity 871K, committed 896K, reserved 1048576K
Event: 27.187 GC heap after
Heap after GC invocations=21 (full 0):
 PSYoungGen      total 437760K, used 4160K [0x0000000795580000, 0x00000007bcb00000, 0x00000007c0000000)
  eden space 433152K, 0% used [0x0000000795580000,0x0000000795580000,0x00000007afc80000)
  from space 4608K, 90% used [0x00000007bb480000,0x00000007bb890000,0x00000007bb900000)
  to   space 13312K, 0% used [0x00000007bbe00000,0x00000007bbe00000,0x00000007bcb00000)
 ParOldGen       total 87552K, used 40918K [0x0000000740000000, 0x0000000745580000, 0x0000000795580000)
  object space 87552K, 46% used [0x0000000740000000,0x00000007427f5be8,0x0000000745580000)
 Metaspace       used 8700K, capacity 8905K, committed 9088K, reserved 1056768K
  class space    used 797K, capacity 871K, committed 896K, reserved 1048576K
}
Event: 28.079 GC heap before
{Heap before GC invocations=22 (full 0):
 PSYoungGen      total 437760K, used 437312K [0x0000000795580000, 0x00000007bcb00000, 0x00000007c0000000)
  eden space 433152K, 100% used [0x0000000795580000,0x00000007afc80000,0x00000007afc80000)
  from space 4608K, 90% used [0x00000007bb480000,0x00000007bb890000,0x00000007bb900000)
  to   space 13312K, 0% used [0x00000007bbe00000,0x00000007bbe00000,0x00000007bcb00000)
 ParOldGen       total 87552K, used 40918K [0x0000000740000000, 0x0000000745580000, 0x0000000795580000)
  object space 87552K, 46% used [0x0000000740000000,0x00000007427f5be8,0x0000000745580000)
 Metaspace       used 8707K, capacity 8905K, committed 9088K, reserved 1056768K
  class space    used 797K, capacity 871K, committed 896K, reserved 1048576K
Event: 28.087 GC heap after
Heap after GC invocations=22 (full 0):
 PSYoungGen      total 417280K, used 3936K [0x0000000795580000, 0x00000007bc200000, 0x00000007c0000000)
  eden space 413184K, 0% used [0x0000000795580000,0x0000000795580000,0x00000007ae900000)
  from space 4096K, 96% used [0x00000007bbe00000,0x00000007bc1d8000,0x00000007bc200000)
  to   space 13312K, 0% used [0x00000007ba800000,0x00000007ba800000,0x00000007bb500000)
 ParOldGen       total 87552K, used 40974K [0x0000000740000000, 0x0000000745580000, 0x0000000795580000)
  object space 87552K, 46% used [0x0000000740000000,0x0000000742803be8,0x0000000745580000)
 Metaspace       used 8707K, capacity 8905K, committed 9088K, reserved 1056768K
  class space    used 797K, capacity 871K, committed 896K, reserved 1048576K
}

