# JRE version: Java(TM) SE Runtime Environment (8.0_40-b19) (build 1.8.0_40-ea-b19)
# Java VM: Java HotSpot(TM) 64-Bit Server VM (25.40-b23 mixed mode bsd-amd64 compressed oops)
Heap:
 PSYoungGen      total 594944K, used 81589K [0x0000000795580000, 0x00000007c0000000, 0x00000007c0000000)
  eden space 503296K, 16% used [0x0000000795580000,0x000000079a4e0f38,0x00000007b4100000)
  from space 91648K, 0% used [0x00000007ba680000,0x00000007ba6cc710,0x00000007c0000000)
  to   space 97792K, 0% used [0x00000007b4100000,0x00000007b4100000,0x00000007ba080000)
 ParOldGen       total 96256K, used 69518K [0x0000000740000000, 0x0000000745e00000, 0x0000000795580000)
  object space 96256K, 72% used [0x0000000740000000,0x00000007443e39a8,0x0000000745e00000)
 Metaspace       used 8521K, capacity 8713K, committed 8832K, reserved 1056768K
  class space    used 792K, capacity 871K, committed 896K, reserved 1048576K
GC Heap History (10 events):
Event: 154.927 GC heap before
{Heap before GC invocations=43 (full 1):
 PSYoungGen      total 621056K, used 620640K [0x0000000795580000, 0x00000007c0000000, 0x00000007c0000000)
  eden space 547328K, 100% used [0x0000000795580000,0x00000007b6c00000,0x00000007b6c00000)
  from space 73728K, 99% used [0x00000007b6c00000,0x00000007bb398000,0x00000007bb400000)
  to   space 77824K, 0% used [0x00000007bb400000,0x00000007bb400000,0x00000007c0000000)
 ParOldGen       total 96256K, used 69374K [0x0000000740000000, 0x0000000745e00000, 0x0000000795580000)
  object space 96256K, 72% used [0x0000000740000000,0x00000007443bf9a8,0x0000000745e00000)
 Metaspace       used 8490K, capacity 8649K, committed 8832K, reserved 1056768K
  class space    used 791K, capacity 871K, committed 896K, reserved 1048576K
Event: 155.071 GC heap after
Heap after GC invocations=43 (full 1):
 PSYoungGen      total 606720K, used 73344K [0x0000000795580000, 0x00000007c0000000, 0x00000007c0000000)
  eden space 528896K, 0% used [0x0000000795580000,0x0000000795580000,0x00000007b5a00000)
  from space 77824K, 94% used [0x00000007bb400000,0x00000007bfba0000,0x00000007c0000000)
  to   space 84992K, 0% used [0x00000007b5a00000,0x00000007b5a00000,0x00000007bad00000)
 ParOldGen       total 96256K, used 69398K [0x0000000740000000, 0x0000000745e00000, 0x0000000795580000)
  object space 96256K, 72% used [0x0000000740000000,0x00000007443c59a8,0x0000000745e00000)
 Metaspace       used 8490K, capacity 8649K, committed 8832K, reserved 1056768K
  class space    used 791K, capacity 871K, committed 896K, reserved 1048576K
}
Event: 161.095 GC heap before
{Heap before GC invocations=44 (full 1):
 PSYoungGen      total 606720K, used 602240K [0x0000000795580000, 0x00000007c0000000, 0x00000007c0000000)
  eden space 528896K, 100% used [0x0000000795580000,0x00000007b5a00000,0x00000007b5a00000)
  from space 77824K, 94% used [0x00000007bb400000,0x00000007bfba0000,0x00000007c0000000)
  to   space 84992K, 0% used [0x00000007b5a00000,0x00000007b5a00000,0x00000007bad00000)
 ParOldGen       total 96256K, used 69398K [0x0000000740000000, 0x0000000745e00000, 0x0000000795580000)
  object space 96256K, 72% used [0x0000000740000000,0x00000007443c59a8,0x0000000745e00000)
 Metaspace       used 8490K, capacity 8649K, committed 8832K, reserved 1056768K
  class space    used 791K, capacity 871K, committed 896K, reserved 1048576K
Event: 161.232 GC heap after
Heap after GC invocations=44 (full 1):
 PSYoungGen      total 600064K, used 70976K [0x0000000795580000, 0x00000007c0000000, 0x00000007c0000000)
  eden space 528896K, 0% used [0x0000000795580000,0x0000000795580000,0x00000007b5a00000)
  from space 71168K, 99% used [0x00000007b5a00000,0x00000007b9f50000,0x00000007b9f80000)
  to   space 87552K, 0% used [0x00000007baa80000,0x00000007baa80000,0x00000007c0000000)
 ParOldGen       total 96256K, used 69422K [0x0000000740000000, 0x0000000745e00000, 0x0000000795580000)
  object space 96256K, 72% used [0x0000000740000000,0x00000007443cb9a8,0x0000000745e00000)
 Metaspace       used 8490K, capacity 8649K, committed 8832K, reserved 1056768K
  class space    used 791K, capacity 871K, committed 896K, reserved 1048576K
}
Event: 167.252 GC heap before
{Heap before GC invocations=45 (full 1):
 PSYoungGen      total 600064K, used 599872K [0x0000000795580000, 0x00000007c0000000, 0x00000007c0000000)
  eden space 528896K, 100% used [0x0000000795580000,0x00000007b5a00000,0x00000007b5a00000)
  from space 71168K, 99% used [0x00000007b5a00000,0x00000007b9f50000,0x00000007b9f80000)
  to   space 87552K, 0% used [0x00000007baa80000,0x00000007baa80000,0x00000007c0000000)
 ParOldGen       total 96256K, used 69422K [0x0000000740000000, 0x0000000745e00000, 0x0000000795580000)
  object space 96256K, 72% used [0x0000000740000000,0x00000007443cb9a8,0x0000000745e00000)
 Metaspace       used 8494K, capacity 8649K, committed 8832K, reserved 1056768K
  class space    used 791K, capacity 871K, committed 896K, reserved 1048576K
Event: 167.403 GC heap after
Heap after GC invocations=45 (full 1):
 PSYoungGen      total 607232K, used 70976K [0x0000000795580000, 0x00000007c0000000, 0x00000007c0000000)
  eden space 519680K, 0% used [0x0000000795580000,0x0000000795580000,0x00000007b5100000)
  from space 87552K, 81% used [0x00000007baa80000,0x00000007befd0000,0x00000007c0000000)
  to   space 89600K, 0% used [0x00000007b5100000,0x00000007b5100000,0x00000007ba880000)
 ParOldGen       total 96256K, used 69438K [0x0000000740000000, 0x0000000745e00000, 0x0000000795580000)
  object space 96256K, 72% used [0x0000000740000000,0x00000007443cf9a8,0x0000000745e00000)
 Metaspace       used 8494K, capacity 8649K, committed 8832K, reserved 1056768K
  class space    used 791K, capacity 871K, committed 896K, reserved 1048576K
}
Event: 169.958 GC heap before
{Heap before GC invocations=46 (full 1):
 PSYoungGen      total 607232K, used 590656K [0x0000000795580000, 0x00000007c0000000, 0x00000007c0000000)
  eden space 519680K, 100% used [0x0000000795580000,0x00000007b5100000,0x00000007b5100000)
  from space 87552K, 81% used [0x00000007baa80000,0x00000007befd0000,0x00000007c0000000)
  to   space 89600K, 0% used [0x00000007b5100000,0x00000007b5100000,0x00000007ba880000)
 ParOldGen       total 96256K, used 69438K [0x0000000740000000, 0x0000000745e00000, 0x0000000795580000)
  object space 96256K, 72% used [0x0000000740000000,0x00000007443cf9a8,0x0000000745e00000)
 Metaspace       used 8513K, capacity 8713K, committed 8832K, reserved 1056768K
  class space    used 791K, capacity 871K, committed 896K, reserved 1048576K
Event: 170.019 GC heap after
Heap after GC invocations=46 (full 1):
 PSYoungGen      total 549888K, used 29911K [0x0000000795580000, 0x00000007c0000000, 0x00000007c0000000)
  eden space 519680K, 0% used [0x0000000795580000,0x0000000795580000,0x00000007b5100000)
  from space 30208K, 99% used [0x00000007b5100000,0x00000007b6e35c90,0x00000007b6e80000)
  to   space 91648K, 0% used [0x00000007ba680000,0x00000007ba680000,0x00000007c0000000)
 ParOldGen       total 96256K, used 69454K [0x0000000740000000, 0x0000000745e00000, 0x0000000795580000)
  object space 96256K, 72% used [0x0000000740000000,0x00000007443d39a8,0x0000000745e00000)
 Metaspace       used 8513K, capacity 8713K, committed 8832K, reserved 1056768K
  class space    used 791K, capacity 871K, committed 896K, reserved 1048576K
}
Event: 170.094 GC heap before
{Heap before GC invocations=47 (full 1):
 PSYoungGen      total 549888K, used 549591K [0x0000000795580000, 0x00000007c0000000, 0x00000007c0000000)
  eden space 519680K, 100% used [0x0000000795580000,0x00000007b5100000,0x00000007b5100000)
  from space 30208K, 99% used [0x00000007b5100000,0x00000007b6e35c90,0x00000007b6e80000)
  to   space 91648K, 0% used [0x00000007ba680000,0x00000007ba680000,0x00000007c0000000)
 ParOldGen       total 96256K, used 69454K [0x0000000740000000, 0x0000000745e00000, 0x0000000795580000)
  object space 96256K, 72% used [0x0000000740000000,0x00000007443d39a8,0x0000000745e00000)
 Metaspace       used 8513K, capacity 8713K, committed 8832K, reserved 1056768K
  class space    used 791K, capacity 871K, committed 896K, reserved 1048576K
Event: 170.095 GC heap after
Heap after GC invocations=47 (full 1):
 PSYoungGen      total 594944K, used 305K [0x0000000795580000, 0x00000007c0000000, 0x00000007c0000000)
  eden space 503296K, 0% used [0x0000000795580000,0x0000000795580000,0x00000007b4100000)
  from space 91648K, 0% used [0x00000007ba680000,0x00000007ba6cc710,0x00000007c0000000)
  to   space 97792K, 0% used [0x00000007b4100000,0x00000007b4100000,0x00000007ba080000)
 ParOldGen       total 96256K, used 69518K [0x0000000740000000, 0x0000000745e00000, 0x0000000795580000)
  object space 96256K, 72% used [0x0000000740000000,0x00000007443e39a8,0x0000000745e00000)
 Metaspace       used 8513K, capacity 8713K, committed 8832K, reserved 1056768K
  class space    used 791K, capacity 871K, committed 896K, reserved 1048576K
}

