# JRE version: Java(TM) SE Runtime Environment (8.0_40-b19) (build 1.8.0_40-ea-b19)
# Java VM: Java HotSpot(TM) 64-Bit Server VM (25.40-b23 mixed mode bsd-amd64 compressed oops)
Heap:
 PSYoungGen      total 686080K, used 333657K [0x0000000795580000, 0x00000007c0000000, 0x00000007c0000000)
  eden space 675328K, 47% used [0x0000000795580000,0x00000007a9196618,0x00000007be900000)
  from space 10752K, 92% used [0x00000007bf500000,0x00000007bfec0000,0x00000007bff80000)
  to   space 11776K, 0% used [0x00000007be900000,0x00000007be900000,0x00000007bf480000)
 ParOldGen       total 87552K, used 30424K [0x0000000740000000, 0x0000000745580000, 0x0000000795580000)
  object space 87552K, 34% used [0x0000000740000000,0x0000000741db6250,0x0000000745580000)
 Metaspace       used 8642K, capacity 8869K, committed 9088K, reserved 1056768K
  class space    used 798K, capacity 869K, committed 896K, reserved 1048576K
GC Heap History (10 events):
Event: 4.708 GC heap before
{Heap before GC invocations=8 (full 0):
 PSYoungGen      total 138752K, used 136512K [0x0000000795580000, 0x00000007a6380000, 0x00000007c0000000)
  eden space 132608K, 100% used [0x0000000795580000,0x000000079d700000,0x000000079d700000)
  from space 6144K, 63% used [0x000000079d700000,0x000000079dad0000,0x000000079dd00000)
  to   space 5632K, 0% used [0x00000007a5e00000,0x00000007a5e00000,0x00000007a6380000)
 ParOldGen       total 87552K, used 20612K [0x0000000740000000, 0x0000000745580000, 0x0000000795580000)
  object space 87552K, 23% used [0x0000000740000000,0x0000000741421240,0x0000000745580000)
 Metaspace       used 8505K, capacity 8677K, committed 8832K, reserved 1056768K
  class space    used 798K, capacity 869K, committed 896K, reserved 1048576K
Event: 4.716 GC heap after
Heap after GC invocations=8 (full 0):
 PSYoungGen      total 270848K, used 3776K [0x0000000795580000, 0x00000007a6380000, 0x00000007c0000000)
  eden space 265216K, 0% used [0x0000000795580000,0x0000000795580000,0x00000007a5880000)
  from space 5632K, 67% used [0x00000007a5e00000,0x00000007a61b0000,0x00000007a6380000)
  to   space 5632K, 0% used [0x00000007a5880000,0x00000007a5880000,0x00000007a5e00000)
 ParOldGen       total 87552K, used 21096K [0x0000000740000000, 0x0000000745580000, 0x0000000795580000)
  object space 87552K, 24% used [0x0000000740000000,0x000000074149a250,0x0000000745580000)
 Metaspace       used 8505K, capacity 8677K, committed 8832K, reserved 1056768K
  class space    used 798K, capacity 869K, committed 896K, reserved 1048576K
}
Event: 6.338 GC heap before
{Heap before GC invocations=9 (full 0):
 PSYoungGen      total 270848K, used 268992K [0x0000000795580000, 0x00000007a6380000, 0x00000007c0000000)
  eden space 265216K, 100% used [0x0000000795580000,0x00000007a5880000,0x00000007a5880000)
  from space 5632K, 67% used [0x00000007a5e00000,0x00000007a61b0000,0x00000007a6380000)
  to   space 5632K, 0% used [0x00000007a5880000,0x00000007a5880000,0x00000007a5e00000)
 ParOldGen       total 87552K, used 21096K [0x0000000740000000, 0x0000000745580000, 0x0000000795580000)
  object space 87552K, 24% used [0x0000000740000000,0x000000074149a250,0x0000000745580000)
 Metaspace       used 8537K, capacity 8741K, committed 8832K, reserved 1056768K
  class space    used 798K, capacity 869K, committed 896K, reserved 1048576K
Event: 6.356 GC heap after
Heap after GC invocations=9 (full 0):
 PSYoungGen      total 270848K, used 5632K [0x0000000795580000, 0x00000007b0100000, 0x00000007c0000000)
  eden space 265216K, 0% used [0x0000000795580000,0x0000000795580000,0x00000007a5880000)
  from space 5632K, 100% used [0x00000007a5880000,0x00000007a5e00000,0x00000007a5e00000)
  to   space 6656K, 0% used [0x00000007afa80000,0x00000007afa80000,0x00000007b0100000)
 ParOldGen       total 87552K, used 22720K [0x0000000740000000, 0x0000000745580000, 0x0000000795580000)
  object space 87552K, 25% used [0x0000000740000000,0x0000000741630250,0x0000000745580000)
 Metaspace       used 8537K, capacity 8741K, committed 8832K, reserved 1056768K
  class space    used 798K, capacity 869K, committed 896K, reserved 1048576K
}
Event: 7.853 GC heap before
{Heap before GC invocations=10 (full 0):
 PSYoungGen      total 270848K, used 270848K [0x0000000795580000, 0x00000007b0100000, 0x00000007c0000000)
  eden space 265216K, 100% used [0x0000000795580000,0x00000007a5880000,0x00000007a5880000)
  from space 5632K, 100% used [0x00000007a5880000,0x00000007a5e00000,0x00000007a5e00000)
  to   space 6656K, 0% used [0x00000007afa80000,0x00000007afa80000,0x00000007b0100000)
 ParOldGen       total 87552K, used 22720K [0x0000000740000000, 0x0000000745580000, 0x0000000795580000)
  object space 87552K, 25% used [0x0000000740000000,0x0000000741630250,0x0000000745580000)
 Metaspace       used 8608K, capacity 8805K, committed 8832K, reserved 1056768K
  class space    used 798K, capacity 869K, committed 896K, reserved 1048576K
Event: 7.873 GC heap after
Heap after GC invocations=10 (full 0):
 PSYoungGen      total 429568K, used 6656K [0x0000000795580000, 0x00000007b0400000, 0x00000007c0000000)
  eden space 422912K, 0% used [0x0000000795580000,0x0000000795580000,0x00000007af280000)
  from space 6656K, 100% used [0x00000007afa80000,0x00000007b0100000,0x00000007b0100000)
  to   space 8192K, 0% used [0x00000007af280000,0x00000007af280000,0x00000007afa80000)
 ParOldGen       total 87552K, used 24056K [0x0000000740000000, 0x0000000745580000, 0x0000000795580000)
  object space 87552K, 27% used [0x0000000740000000,0x000000074177e250,0x0000000745580000)
 Metaspace       used 8608K, capacity 8805K, committed 8832K, reserved 1056768K
  class space    used 798K, capacity 869K, committed 896K, reserved 1048576K
}
Event: 10.175 GC heap before
{Heap before GC invocations=11 (full 0):
 PSYoungGen      total 429568K, used 429568K [0x0000000795580000, 0x00000007b0400000, 0x00000007c0000000)
  eden space 422912K, 100% used [0x0000000795580000,0x00000007af280000,0x00000007af280000)
  from space 6656K, 100% used [0x00000007afa80000,0x00000007b0100000,0x00000007b0100000)
  to   space 8192K, 0% used [0x00000007af280000,0x00000007af280000,0x00000007afa80000)
 ParOldGen       total 87552K, used 24056K [0x0000000740000000, 0x0000000745580000, 0x0000000795580000)
  object space 87552K, 27% used [0x0000000740000000,0x000000074177e250,0x0000000745580000)
 Metaspace       used 8635K, capacity 8805K, committed 8832K, reserved 1056768K
  class space    used 798K, capacity 869K, committed 896K, reserved 1048576K
Event: 10.200 GC heap after
Heap after GC invocations=11 (full 0):
 PSYoungGen      total 431104K, used 8192K [0x0000000795580000, 0x00000007bff80000, 0x00000007c0000000)
  eden space 422912K, 0% used [0x0000000795580000,0x0000000795580000,0x00000007af280000)
  from space 8192K, 100% used [0x00000007af280000,0x00000007afa80000,0x00000007afa80000)
  to   space 10752K, 0% used [0x00000007bf500000,0x00000007bf500000,0x00000007bff80000)
 ParOldGen       total 87552K, used 28592K [0x0000000740000000, 0x0000000745580000, 0x0000000795580000)
  object space 87552K, 32% used [0x0000000740000000,0x0000000741bec250,0x0000000745580000)
 Metaspace       used 8635K, capacity 8805K, committed 8832K, reserved 1056768K
  class space    used 798K, capacity 869K, committed 896K, reserved 1048576K
}
Event: 12.543 GC heap before
{Heap before GC invocations=12 (full 0):
 PSYoungGen      total 431104K, used 431104K [0x0000000795580000, 0x00000007bff80000, 0x00000007c0000000)
  eden space 422912K, 100% used [0x0000000795580000,0x00000007af280000,0x00000007af280000)
  from space 8192K, 100% used [0x00000007af280000,0x00000007afa80000,0x00000007afa80000)
  to   space 10752K, 0% used [0x00000007bf500000,0x00000007bf500000,0x00000007bff80000)
 ParOldGen       total 87552K, used 28592K [0x0000000740000000, 0x0000000745580000, 0x0000000795580000)
  object space 87552K, 32% used [0x0000000740000000,0x0000000741bec250,0x0000000745580000)
 Metaspace       used 8637K, capacity 8805K, committed 8832K, reserved 1056768K
  class space    used 798K, capacity 869K, committed 896K, reserved 1048576K
Event: 12.568 GC heap after
Heap after GC invocations=12 (full 0):
 PSYoungGen      total 686080K, used 9984K [0x0000000795580000, 0x00000007c0000000, 0x00000007c0000000)
  eden space 675328K, 0% used [0x0000000795580000,0x0000000795580000,0x00000007be900000)
  from space 10752K, 92% used [0x00000007bf500000,0x00000007bfec0000,0x00000007bff80000)
  to   space 11776K, 0% used [0x00000007be900000,0x00000007be900000,0x00000007bf480000)
 ParOldGen       total 87552K, used 30424K [0x0000000740000000, 0x0000000745580000, 0x0000000795580000)
  object space 87552K, 34% used [0x0000000740000000,0x0000000741db6250,0x0000000745580000)
 Metaspace       used 8637K, capacity 8805K, committed 8832K, reserved 1056768K
  class space    used 798K, capacity 869K, committed 896K, reserved 1048576K
}

