# JRE version: Java(TM) SE Runtime Environment (8.0_40-b19) (build 1.8.0_40-ea-b19)
# Java VM: Java HotSpot(TM) 64-Bit Server VM (25.40-b23 mixed mode bsd-amd64 compressed oops)
Heap:
 PSYoungGen      total 444928K, used 172762K [0x0000000795580000, 0x00000007bef80000, 0x00000007c0000000)
  eden space 438784K, 37% used [0x0000000795580000,0x000000079f8369a0,0x00000007b0200000)
  from space 6144K, 100% used [0x00000007be980000,0x00000007bef80000,0x00000007bef80000)
  to   space 23040K, 0% used [0x00000007bc280000,0x00000007bc280000,0x00000007bd900000)
 ParOldGen       total 87552K, used 34525K [0x0000000740000000, 0x0000000745580000, 0x0000000795580000)
  object space 87552K, 39% used [0x0000000740000000,0x00000007421b7748,0x0000000745580000)
 Metaspace       used 8051K, capacity 8215K, committed 8320K, reserved 1056768K
  class space    used 753K, capacity 836K, committed 896K, reserved 1048576K
GC Heap History (10 events):
Event: 18.497 GC heap before
{Heap before GC invocations=14 (full 0):
 PSYoungGen      total 326144K, used 326144K [0x0000000795580000, 0x00000007b5b80000, 0x00000007c0000000)
  eden space 317952K, 100% used [0x0000000795580000,0x00000007a8c00000,0x00000007a8c00000)
  from space 8192K, 100% used [0x00000007a8c00000,0x00000007a9400000,0x00000007a9400000)
  to   space 10752K, 0% used [0x00000007b5100000,0x00000007b5100000,0x00000007b5b80000)
 ParOldGen       total 87552K, used 11757K [0x0000000740000000, 0x0000000745580000, 0x0000000795580000)
  object space 87552K, 13% used [0x0000000740000000,0x0000000740b7b748,0x0000000745580000)
 Metaspace       used 8017K, capacity 8215K, committed 8320K, reserved 1056768K
  class space    used 752K, capacity 836K, committed 896K, reserved 1048576K
Event: 18.534 GC heap after
Heap after GC invocations=14 (full 0):
 PSYoungGen      total 516608K, used 10752K [0x0000000795580000, 0x00000007b6180000, 0x00000007c0000000)
  eden space 505856K, 0% used [0x0000000795580000,0x0000000795580000,0x00000007b4380000)
  from space 10752K, 100% used [0x00000007b5100000,0x00000007b5b80000,0x00000007b5b80000)
  to   space 13824K, 0% used [0x00000007b4380000,0x00000007b4380000,0x00000007b5100000)
 ParOldGen       total 87552K, used 16061K [0x0000000740000000, 0x0000000745580000, 0x0000000795580000)
  object space 87552K, 18% used [0x0000000740000000,0x0000000740faf748,0x0000000745580000)
 Metaspace       used 8017K, capacity 8215K, committed 8320K, reserved 1056768K
  class space    used 752K, capacity 836K, committed 896K, reserved 1048576K
}
Event: 24.403 GC heap before
{Heap before GC invocations=15 (full 0):
 PSYoungGen      total 516608K, used 516608K [0x0000000795580000, 0x00000007b6180000, 0x00000007c0000000)
  eden space 505856K, 100% used [0x0000000795580000,0x00000007b4380000,0x00000007b4380000)
  from space 10752K, 100% used [0x00000007b5100000,0x00000007b5b80000,0x00000007b5b80000)
  to   space 13824K, 0% used [0x00000007b4380000,0x00000007b4380000,0x00000007b5100000)
 ParOldGen       total 87552K, used 16061K [0x0000000740000000, 0x0000000745580000, 0x0000000795580000)
  object space 87552K, 18% used [0x0000000740000000,0x0000000740faf748,0x0000000745580000)
 Metaspace       used 8026K, capacity 8215K, committed 8320K, reserved 1056768K
  class space    used 752K, capacity 836K, committed 896K, reserved 1048576K
Event: 24.455 GC heap after
Heap after GC invocations=15 (full 0):
 PSYoungGen      total 519680K, used 13824K [0x0000000795580000, 0x00000007c0000000, 0x00000007c0000000)
  eden space 505856K, 0% used [0x0000000795580000,0x0000000795580000,0x00000007b4380000)
  from space 13824K, 100% used [0x00000007b4380000,0x00000007b5100000,0x00000007b5100000)
  to   space 17408K, 0% used [0x00000007bef00000,0x00000007bef00000,0x00000007c0000000)
 ParOldGen       total 87552K, used 20189K [0x0000000740000000, 0x0000000745580000, 0x0000000795580000)
  object space 87552K, 23% used [0x0000000740000000,0x00000007413b7748,0x0000000745580000)
 Metaspace       used 8026K, capacity 8215K, committed 8320K, reserved 1056768K
  class space    used 752K, capacity 836K, committed 896K, reserved 1048576K
}
Event: 31.173 GC heap before
{Heap before GC invocations=16 (full 0):
 PSYoungGen      total 519680K, used 519680K [0x0000000795580000, 0x00000007c0000000, 0x00000007c0000000)
  eden space 505856K, 100% used [0x0000000795580000,0x00000007b4380000,0x00000007b4380000)
  from space 13824K, 100% used [0x00000007b4380000,0x00000007b5100000,0x00000007b5100000)
  to   space 17408K, 0% used [0x00000007bef00000,0x00000007bef00000,0x00000007c0000000)
 ParOldGen       total 87552K, used 20189K [0x0000000740000000, 0x0000000745580000, 0x0000000795580000)
  object space 87552K, 23% used [0x0000000740000000,0x00000007413b7748,0x0000000745580000)
 Metaspace       used 8043K, capacity 8215K, committed 8320K, reserved 1056768K
  class space    used 752K, capacity 836K, committed 896K, reserved 1048576K
Event: 31.221 GC heap after
Heap after GC invocations=16 (full 0):
 PSYoungGen      total 498176K, used 15456K [0x0000000795580000, 0x00000007bfe80000, 0x00000007c0000000)
  eden space 482304K, 0% used [0x0000000795580000,0x0000000795580000,0x00000007b2c80000)
  from space 15872K, 97% used [0x00000007bef00000,0x00000007bfe18000,0x00000007bfe80000)
  to   space 19456K, 0% used [0x00000007bd880000,0x00000007bd880000,0x00000007beb80000)
 ParOldGen       total 87552K, used 23917K [0x0000000740000000, 0x0000000745580000, 0x0000000795580000)
  object space 87552K, 27% used [0x0000000740000000,0x000000074175b748,0x0000000745580000)
 Metaspace       used 8043K, capacity 8215K, committed 8320K, reserved 1056768K
  class space    used 752K, capacity 836K, committed 896K, reserved 1048576K
}
Event: 36.180 GC heap before
{Heap before GC invocations=17 (full 0):
 PSYoungGen      total 498176K, used 497760K [0x0000000795580000, 0x00000007bfe80000, 0x00000007c0000000)
  eden space 482304K, 100% used [0x0000000795580000,0x00000007b2c80000,0x00000007b2c80000)
  from space 15872K, 97% used [0x00000007bef00000,0x00000007bfe18000,0x00000007bfe80000)
  to   space 19456K, 0% used [0x00000007bd880000,0x00000007bd880000,0x00000007beb80000)
 ParOldGen       total 87552K, used 23917K [0x0000000740000000, 0x0000000745580000, 0x0000000795580000)
  object space 87552K, 27% used [0x0000000740000000,0x000000074175b748,0x0000000745580000)
 Metaspace       used 8043K, capacity 8215K, committed 8320K, reserved 1056768K
  class space    used 752K, capacity 836K, committed 896K, reserved 1048576K
Event: 36.228 GC heap after
Heap after GC invocations=17 (full 0):
 PSYoungGen      total 477184K, used 17152K [0x0000000795580000, 0x00000007bef80000, 0x00000007c0000000)
  eden space 459776K, 0% used [0x0000000795580000,0x0000000795580000,0x00000007b1680000)
  from space 17408K, 98% used [0x00000007bd880000,0x00000007be940000,0x00000007be980000)
  to   space 6144K, 0% used [0x00000007be980000,0x00000007be980000,0x00000007bef80000)
 ParOldGen       total 87552K, used 23933K [0x0000000740000000, 0x0000000745580000, 0x0000000795580000)
  object space 87552K, 27% used [0x0000000740000000,0x000000074175f748,0x0000000745580000)
 Metaspace       used 8043K, capacity 8215K, committed 8320K, reserved 1056768K
  class space    used 752K, capacity 836K, committed 896K, reserved 1048576K
}
Event: 41.223 GC heap before
{Heap before GC invocations=18 (full 0):
 PSYoungGen      total 477184K, used 476928K [0x0000000795580000, 0x00000007bef80000, 0x00000007c0000000)
  eden space 459776K, 100% used [0x0000000795580000,0x00000007b1680000,0x00000007b1680000)
  from space 17408K, 98% used [0x00000007bd880000,0x00000007be940000,0x00000007be980000)
  to   space 6144K, 0% used [0x00000007be980000,0x00000007be980000,0x00000007bef80000)
 ParOldGen       total 87552K, used 23933K [0x0000000740000000, 0x0000000745580000, 0x0000000795580000)
  object space 87552K, 27% used [0x0000000740000000,0x000000074175f748,0x0000000745580000)
 Metaspace       used 8043K, capacity 8215K, committed 8320K, reserved 1056768K
  class space    used 752K, capacity 836K, committed 896K, reserved 1048576K
Event: 41.270 GC heap after
Heap after GC invocations=18 (full 0):
 PSYoungGen      total 444928K, used 6144K [0x0000000795580000, 0x00000007bef80000, 0x00000007c0000000)
  eden space 438784K, 0% used [0x0000000795580000,0x0000000795580000,0x00000007b0200000)
  from space 6144K, 100% used [0x00000007be980000,0x00000007bef80000,0x00000007bef80000)
  to   space 23040K, 0% used [0x00000007bc280000,0x00000007bc280000,0x00000007bd900000)
 ParOldGen       total 87552K, used 34525K [0x0000000740000000, 0x0000000745580000, 0x0000000795580000)
  object space 87552K, 39% used [0x0000000740000000,0x00000007421b7748,0x0000000745580000)
 Metaspace       used 8043K, capacity 8215K, committed 8320K, reserved 1056768K
  class space    used 752K, capacity 836K, committed 896K, reserved 1048576K
}

